<?xml version="1.0" encoding="UTF-8"?>
<testsuite name="davidgoldstein.blackjack.BlackjackApplicationTests" tests="1" skipped="0" failures="0" errors="0" timestamp="2022-03-17T19:04:28" hostname="C02GC22QMD6R" time="0.335">
  <properties/>
  <testcase name="contextLoads()" classname="davidgoldstein.blackjack.BlackjackApplicationTests" time="0.335"/>
  <system-out><![CDATA[14:04:26.969 [Test worker] DEBUG org.springframework.test.context.BootstrapUtils - Instantiating CacheAwareContextLoaderDelegate from class [org.springframework.test.context.cache.DefaultCacheAwareContextLoaderDelegate]
14:04:26.980 [Test worker] DEBUG org.springframework.test.context.BootstrapUtils - Instantiating BootstrapContext using constructor [public org.springframework.test.context.support.DefaultBootstrapContext(java.lang.Class,org.springframework.test.context.CacheAwareContextLoaderDelegate)]
14:04:27.017 [Test worker] DEBUG org.springframework.test.context.BootstrapUtils - Instantiating TestContextBootstrapper for test class [davidgoldstein.blackjack.BlackjackApplicationTests] from class [org.springframework.boot.test.context.SpringBootTestContextBootstrapper]
14:04:27.029 [Test worker] INFO org.springframework.boot.test.context.SpringBootTestContextBootstrapper - Neither @ContextConfiguration nor @ContextHierarchy found for test class [davidgoldstein.blackjack.BlackjackApplicationTests], using SpringBootContextLoader
14:04:27.032 [Test worker] DEBUG org.springframework.test.context.support.AbstractContextLoader - Did not detect default resource location for test class [davidgoldstein.blackjack.BlackjackApplicationTests]: class path resource [davidgoldstein/blackjack/BlackjackApplicationTests-context.xml] does not exist
14:04:27.033 [Test worker] DEBUG org.springframework.test.context.support.AbstractContextLoader - Did not detect default resource location for test class [davidgoldstein.blackjack.BlackjackApplicationTests]: class path resource [davidgoldstein/blackjack/BlackjackApplicationTestsContext.groovy] does not exist
14:04:27.033 [Test worker] INFO org.springframework.test.context.support.AbstractContextLoader - Could not detect default resource locations for test class [davidgoldstein.blackjack.BlackjackApplicationTests]: no resource found for suffixes {-context.xml, Context.groovy}.
14:04:27.034 [Test worker] INFO org.springframework.test.context.support.AnnotationConfigContextLoaderUtils - Could not detect default configuration classes for test class [davidgoldstein.blackjack.BlackjackApplicationTests]: BlackjackApplicationTests does not declare any static, non-private, non-final, nested classes annotated with @Configuration.
14:04:27.076 [Test worker] DEBUG org.springframework.test.context.support.ActiveProfilesUtils - Could not find an 'annotation declaring class' for annotation type [org.springframework.test.context.ActiveProfiles] and class [davidgoldstein.blackjack.BlackjackApplicationTests]
14:04:27.135 [Test worker] DEBUG org.springframework.context.annotation.ClassPathScanningCandidateComponentProvider - Identified candidate component class: file [/Users/Z008HBS/dev/blackjack/build/classes/java/main/davidgoldstein/blackjack/BlackjackApplication.class]
14:04:27.136 [Test worker] INFO org.springframework.boot.test.context.SpringBootTestContextBootstrapper - Found @SpringBootConfiguration davidgoldstein.blackjack.BlackjackApplication for test class davidgoldstein.blackjack.BlackjackApplicationTests
14:04:27.242 [Test worker] DEBUG org.springframework.boot.test.context.SpringBootTestContextBootstrapper - @TestExecutionListeners is not present for class [davidgoldstein.blackjack.BlackjackApplicationTests]: using defaults.
14:04:27.242 [Test worker] INFO org.springframework.boot.test.context.SpringBootTestContextBootstrapper - Loaded default TestExecutionListener class names from location [META-INF/spring.factories]: [org.springframework.boot.test.autoconfigure.restdocs.RestDocsTestExecutionListener, org.springframework.boot.test.autoconfigure.web.client.MockRestServiceServerResetTestExecutionListener, org.springframework.boot.test.autoconfigure.web.servlet.MockMvcPrintOnlyOnFailureTestExecutionListener, org.springframework.boot.test.autoconfigure.web.servlet.WebDriverTestExecutionListener, org.springframework.boot.test.autoconfigure.webservices.client.MockWebServiceServerTestExecutionListener, org.springframework.boot.test.mock.mockito.MockitoTestExecutionListener, org.springframework.boot.test.mock.mockito.ResetMocksTestExecutionListener, org.springframework.test.context.web.ServletTestExecutionListener, org.springframework.test.context.support.DirtiesContextBeforeModesTestExecutionListener, org.springframework.test.context.event.ApplicationEventsTestExecutionListener, org.springframework.test.context.support.DependencyInjectionTestExecutionListener, org.springframework.test.context.support.DirtiesContextTestExecutionListener, org.springframework.test.context.transaction.TransactionalTestExecutionListener, org.springframework.test.context.jdbc.SqlScriptsTestExecutionListener, org.springframework.test.context.event.EventPublishingTestExecutionListener]
14:04:27.258 [Test worker] DEBUG org.springframework.boot.test.context.SpringBootTestContextBootstrapper - Skipping candidate TestExecutionListener [org.springframework.test.context.transaction.TransactionalTestExecutionListener] due to a missing dependency. Specify custom listener classes or make the default listener classes and their required dependencies available. Offending class: [org/springframework/transaction/interceptor/TransactionAttributeSource]
14:04:27.259 [Test worker] DEBUG org.springframework.boot.test.context.SpringBootTestContextBootstrapper - Skipping candidate TestExecutionListener [org.springframework.test.context.jdbc.SqlScriptsTestExecutionListener] due to a missing dependency. Specify custom listener classes or make the default listener classes and their required dependencies available. Offending class: [org/springframework/transaction/interceptor/TransactionAttribute]
14:04:27.260 [Test worker] INFO org.springframework.boot.test.context.SpringBootTestContextBootstrapper - Using TestExecutionListeners: [org.springframework.test.context.web.ServletTestExecutionListener@5910de75, org.springframework.test.context.support.DirtiesContextBeforeModesTestExecutionListener@4108fa66, org.springframework.test.context.event.ApplicationEventsTestExecutionListener@1f130eaf, org.springframework.boot.test.mock.mockito.MockitoTestExecutionListener@7e0aadd0, org.springframework.boot.test.autoconfigure.SpringBootDependencyInjectionTestExecutionListener@21362712, org.springframework.test.context.support.DirtiesContextTestExecutionListener@27eb3298, org.springframework.test.context.event.EventPublishingTestExecutionListener@200a26bc, org.springframework.boot.test.autoconfigure.restdocs.RestDocsTestExecutionListener@bc57b40, org.springframework.boot.test.autoconfigure.web.client.MockRestServiceServerResetTestExecutionListener@1b5bc39d, org.springframework.boot.test.autoconfigure.web.servlet.MockMvcPrintOnlyOnFailureTestExecutionListener@655a5d9c, org.springframework.boot.test.autoconfigure.web.servlet.WebDriverTestExecutionListener@1494b84d, org.springframework.boot.test.autoconfigure.webservices.client.MockWebServiceServerTestExecutionListener@34abdee4, org.springframework.boot.test.mock.mockito.ResetMocksTestExecutionListener@71a9b4c7]
14:04:27.265 [Test worker] DEBUG org.springframework.test.context.support.AbstractDirtiesContextTestExecutionListener - Before test class: context [DefaultTestContext@5400db36 testClass = BlackjackApplicationTests, testInstance = [null], testMethod = [null], testException = [null], mergedContextConfiguration = [WebMergedContextConfiguration@76b74e9c testClass = BlackjackApplicationTests, locations = '{}', classes = '{class davidgoldstein.blackjack.BlackjackApplication}', contextInitializerClasses = '[]', activeProfiles = '{}', propertySourceLocations = '{}', propertySourceProperties = '{org.springframework.boot.test.context.SpringBootTestContextBootstrapper=true}', contextCustomizers = set[org.springframework.boot.test.autoconfigure.actuate.metrics.MetricsExportContextCustomizerFactory$DisableMetricExportContextCustomizer@704f1591, org.springframework.boot.test.autoconfigure.properties.PropertyMappingContextCustomizer@0, org.springframework.boot.test.autoconfigure.web.servlet.WebDriverContextCustomizerFactory$Customizer@2a79d4b1, org.springframework.boot.test.context.filter.ExcludeFilterContextCustomizer@2371aaca, org.springframework.boot.test.json.DuplicateJsonObjectContextCustomizerFactory$DuplicateJsonObjectContextCustomizer@7b5a12ae, org.springframework.boot.test.mock.mockito.MockitoContextCustomizer@0, org.springframework.boot.test.web.client.TestRestTemplateContextCustomizer@696f0212, org.springframework.boot.test.context.SpringBootTestArgs@1, org.springframework.boot.test.context.SpringBootTestWebEnvironment@5276d6ee], resourceBasePath = 'src/main/webapp', contextLoader = 'org.springframework.boot.test.context.SpringBootContextLoader', parent = [null]], attributes = map['org.springframework.test.context.web.ServletTestExecutionListener.activateListener' -> true]], class annotated with @DirtiesContext [false] with mode [null].

  .   ____          _            __ _ _
 /\\ / ___'_ __ _ _(_)_ __  __ _ \ \ \ \
( ( )\___ | '_ | '_| | '_ \/ _` | \ \ \ \
 \\/  ___)| |_)| | | | | || (_| |  ) ) ) )
  '  |____| .__|_| |_|_| |_\__, | / / / /
 =========|_|==============|___/=/_/_/_/
 :: Spring Boot ::                (v2.6.4)

2022-03-17 14:04:27.616  INFO 12713 --- [    Test worker] d.blackjack.BlackjackApplicationTests    : Starting BlackjackApplicationTests using Java 11.0.9 on C02GC22QMD6R with PID 12713 (started by Z008HBS in /Users/Z008HBS/dev/blackjack)
2022-03-17 14:04:27.617  INFO 12713 --- [    Test worker] d.blackjack.BlackjackApplicationTests    : No active profile set, falling back to 1 default profile: "default"
2022-03-17 14:04:28.892  INFO 12713 --- [    Test worker] d.blackjack.BlackjackApplicationTests    : Started BlackjackApplicationTests in 1.568 seconds (JVM running for 2.773)
]]></system-out>
  <system-err><![CDATA[]]></system-err>
</testsuite>
