<?xml version="1.0" encoding="UTF-8"?>
<testsuite name="davidgoldstein.blackjack.model.DeckTest" tests="3" skipped="0" failures="0" errors="0" timestamp="2022-03-29T18:18:17" hostname="C02GC22QMD6R" time="0.021">
  <properties/>
  <testcase name="reset()" classname="davidgoldstein.blackjack.model.DeckTest" time="0.006"/>
  <testcase name="nextCards()" classname="davidgoldstein.blackjack.model.DeckTest" time="0.001"/>
  <testcase name="shuffle()" classname="davidgoldstein.blackjack.model.DeckTest" time="0.012"/>
  <system-out><![CDATA[]]></system-out>
  <system-err><![CDATA[]]></system-err>
</testsuite>
