<?xml version="1.0" encoding="UTF-8"?>
<testsuite name="davidgoldstein.blackjack.PlayerMoveController" tests="1" skipped="0" failures="0" errors="0" timestamp="2022-03-29T19:06:18" hostname="C02GC22QMD6R" time="0.608">
  <properties/>
  <testcase name="verifyGreetingIsReceived()" classname="davidgoldstein.blackjack.PlayerMoveController" time="0.608"/>
  <system-out><![CDATA[14:06:16.385 [Test worker] DEBUG org.springframework.test.context.BootstrapUtils - Instantiating CacheAwareContextLoaderDelegate from class [org.springframework.test.context.cache.DefaultCacheAwareContextLoaderDelegate]
14:06:16.394 [Test worker] DEBUG org.springframework.test.context.BootstrapUtils - Instantiating BootstrapContext using constructor [public org.springframework.test.context.support.DefaultBootstrapContext(java.lang.Class,org.springframework.test.context.CacheAwareContextLoaderDelegate)]
14:06:16.422 [Test worker] DEBUG org.springframework.test.context.BootstrapUtils - Instantiating TestContextBootstrapper for test class [davidgoldstein.blackjack.PlayerMoveController] from class [org.springframework.boot.test.context.SpringBootTestContextBootstrapper]
14:06:16.432 [Test worker] INFO org.springframework.boot.test.context.SpringBootTestContextBootstrapper - Neither @ContextConfiguration nor @ContextHierarchy found for test class [davidgoldstein.blackjack.PlayerMoveController], using SpringBootContextLoader
14:06:16.435 [Test worker] DEBUG org.springframework.test.context.support.AbstractContextLoader - Did not detect default resource location for test class [davidgoldstein.blackjack.PlayerMoveController]: class path resource [davidgoldstein/blackjack/PlayerMoveController-context.xml] does not exist
14:06:16.436 [Test worker] DEBUG org.springframework.test.context.support.AbstractContextLoader - Did not detect default resource location for test class [davidgoldstein.blackjack.PlayerMoveController]: class path resource [davidgoldstein/blackjack/PlayerMoveControllerContext.groovy] does not exist
14:06:16.436 [Test worker] INFO org.springframework.test.context.support.AbstractContextLoader - Could not detect default resource locations for test class [davidgoldstein.blackjack.PlayerMoveController]: no resource found for suffixes {-context.xml, Context.groovy}.
14:06:16.437 [Test worker] INFO org.springframework.test.context.support.AnnotationConfigContextLoaderUtils - Could not detect default configuration classes for test class [davidgoldstein.blackjack.PlayerMoveController]: PlayerMoveController does not declare any static, non-private, non-final, nested classes annotated with @Configuration.
14:06:16.470 [Test worker] DEBUG org.springframework.test.context.support.ActiveProfilesUtils - Could not find an 'annotation declaring class' for annotation type [org.springframework.test.context.ActiveProfiles] and class [davidgoldstein.blackjack.PlayerMoveController]
14:06:16.522 [Test worker] DEBUG org.springframework.context.annotation.ClassPathScanningCandidateComponentProvider - Identified candidate component class: file [/Users/Z008HBS/dev/blackjack/build/classes/java/main/davidgoldstein/blackjack/BlackjackApplication.class]
14:06:16.523 [Test worker] INFO org.springframework.boot.test.context.SpringBootTestContextBootstrapper - Found @SpringBootConfiguration davidgoldstein.blackjack.BlackjackApplication for test class davidgoldstein.blackjack.PlayerMoveController
14:06:16.605 [Test worker] DEBUG org.springframework.boot.test.context.SpringBootTestContextBootstrapper - @TestExecutionListeners is not present for class [davidgoldstein.blackjack.PlayerMoveController]: using defaults.
14:06:16.606 [Test worker] INFO org.springframework.boot.test.context.SpringBootTestContextBootstrapper - Loaded default TestExecutionListener class names from location [META-INF/spring.factories]: [org.springframework.boot.test.autoconfigure.restdocs.RestDocsTestExecutionListener, org.springframework.boot.test.autoconfigure.web.client.MockRestServiceServerResetTestExecutionListener, org.springframework.boot.test.autoconfigure.web.servlet.MockMvcPrintOnlyOnFailureTestExecutionListener, org.springframework.boot.test.autoconfigure.web.servlet.WebDriverTestExecutionListener, org.springframework.boot.test.autoconfigure.webservices.client.MockWebServiceServerTestExecutionListener, org.springframework.boot.test.mock.mockito.MockitoTestExecutionListener, org.springframework.boot.test.mock.mockito.ResetMocksTestExecutionListener, org.springframework.test.context.web.ServletTestExecutionListener, org.springframework.test.context.support.DirtiesContextBeforeModesTestExecutionListener, org.springframework.test.context.event.ApplicationEventsTestExecutionListener, org.springframework.test.context.support.DependencyInjectionTestExecutionListener, org.springframework.test.context.support.DirtiesContextTestExecutionListener, org.springframework.test.context.transaction.TransactionalTestExecutionListener, org.springframework.test.context.jdbc.SqlScriptsTestExecutionListener, org.springframework.test.context.event.EventPublishingTestExecutionListener]
14:06:16.616 [Test worker] DEBUG org.springframework.boot.test.context.SpringBootTestContextBootstrapper - Skipping candidate TestExecutionListener [org.springframework.test.context.transaction.TransactionalTestExecutionListener] due to a missing dependency. Specify custom listener classes or make the default listener classes and their required dependencies available. Offending class: [org/springframework/transaction/TransactionDefinition]
14:06:16.616 [Test worker] DEBUG org.springframework.boot.test.context.SpringBootTestContextBootstrapper - Skipping candidate TestExecutionListener [org.springframework.test.context.jdbc.SqlScriptsTestExecutionListener] due to a missing dependency. Specify custom listener classes or make the default listener classes and their required dependencies available. Offending class: [org/springframework/transaction/interceptor/TransactionAttribute]
14:06:16.617 [Test worker] INFO org.springframework.boot.test.context.SpringBootTestContextBootstrapper - Using TestExecutionListeners: [org.springframework.test.context.web.ServletTestExecutionListener@7fe083b1, org.springframework.test.context.support.DirtiesContextBeforeModesTestExecutionListener@23c388c2, org.springframework.test.context.event.ApplicationEventsTestExecutionListener@486be205, org.springframework.boot.test.mock.mockito.MockitoTestExecutionListener@f713686, org.springframework.boot.test.autoconfigure.SpringBootDependencyInjectionTestExecutionListener@74f7d1d2, org.springframework.test.context.support.DirtiesContextTestExecutionListener@4b4dd216, org.springframework.test.context.event.EventPublishingTestExecutionListener@5ca17ab0, org.springframework.boot.test.autoconfigure.restdocs.RestDocsTestExecutionListener@5a62b2a4, org.springframework.boot.test.autoconfigure.web.client.MockRestServiceServerResetTestExecutionListener@1051817b, org.springframework.boot.test.autoconfigure.web.servlet.MockMvcPrintOnlyOnFailureTestExecutionListener@35293c05, org.springframework.boot.test.autoconfigure.web.servlet.WebDriverTestExecutionListener@620aa4ea, org.springframework.boot.test.autoconfigure.webservices.client.MockWebServiceServerTestExecutionListener@2db2dd9d, org.springframework.boot.test.mock.mockito.ResetMocksTestExecutionListener@3174cb09]
14:06:16.619 [Test worker] DEBUG org.springframework.test.context.support.AbstractDirtiesContextTestExecutionListener - Before test class: context [DefaultTestContext@d1f74b8 testClass = PlayerMoveController, testInstance = [null], testMethod = [null], testException = [null], mergedContextConfiguration = [WebMergedContextConfiguration@41394595 testClass = PlayerMoveController, locations = '{}', classes = '{class davidgoldstein.blackjack.BlackjackApplication}', contextInitializerClasses = '[]', activeProfiles = '{}', propertySourceLocations = '{}', propertySourceProperties = '{org.springframework.boot.test.context.SpringBootTestContextBootstrapper=true, server.port=0}', contextCustomizers = set[org.springframework.boot.test.autoconfigure.actuate.metrics.MetricsExportContextCustomizerFactory$DisableMetricExportContextCustomizer@74a6a609, org.springframework.boot.test.autoconfigure.properties.PropertyMappingContextCustomizer@0, org.springframework.boot.test.autoconfigure.web.servlet.WebDriverContextCustomizerFactory$Customizer@5a85c92, org.springframework.boot.test.context.filter.ExcludeFilterContextCustomizer@2eced48b, org.springframework.boot.test.json.DuplicateJsonObjectContextCustomizerFactory$DuplicateJsonObjectContextCustomizer@5c8504fd, org.springframework.boot.test.mock.mockito.MockitoContextCustomizer@0, org.springframework.boot.test.web.client.TestRestTemplateContextCustomizer@13f17eb4, org.springframework.boot.test.context.SpringBootTestArgs@1, org.springframework.boot.test.context.SpringBootTestWebEnvironment@66ea810], resourceBasePath = 'src/main/webapp', contextLoader = 'org.springframework.boot.test.context.SpringBootContextLoader', parent = [null]], attributes = map['org.springframework.test.context.web.ServletTestExecutionListener.activateListener' -> false]], class annotated with @DirtiesContext [false] with mode [null].
14:06:16.629 [Test worker] DEBUG org.springframework.test.context.support.DependencyInjectionTestExecutionListener - Performing dependency injection for test context [[DefaultTestContext@d1f74b8 testClass = PlayerMoveController, testInstance = davidgoldstein.blackjack.PlayerMoveController@51650883, testMethod = [null], testException = [null], mergedContextConfiguration = [WebMergedContextConfiguration@41394595 testClass = PlayerMoveController, locations = '{}', classes = '{class davidgoldstein.blackjack.BlackjackApplication}', contextInitializerClasses = '[]', activeProfiles = '{}', propertySourceLocations = '{}', propertySourceProperties = '{org.springframework.boot.test.context.SpringBootTestContextBootstrapper=true, server.port=0}', contextCustomizers = set[org.springframework.boot.test.autoconfigure.actuate.metrics.MetricsExportContextCustomizerFactory$DisableMetricExportContextCustomizer@74a6a609, org.springframework.boot.test.autoconfigure.properties.PropertyMappingContextCustomizer@0, org.springframework.boot.test.autoconfigure.web.servlet.WebDriverContextCustomizerFactory$Customizer@5a85c92, org.springframework.boot.test.context.filter.ExcludeFilterContextCustomizer@2eced48b, org.springframework.boot.test.json.DuplicateJsonObjectContextCustomizerFactory$DuplicateJsonObjectContextCustomizer@5c8504fd, org.springframework.boot.test.mock.mockito.MockitoContextCustomizer@0, org.springframework.boot.test.web.client.TestRestTemplateContextCustomizer@13f17eb4, org.springframework.boot.test.context.SpringBootTestArgs@1, org.springframework.boot.test.context.SpringBootTestWebEnvironment@66ea810], resourceBasePath = 'src/main/webapp', contextLoader = 'org.springframework.boot.test.context.SpringBootContextLoader', parent = [null]], attributes = map['org.springframework.test.context.web.ServletTestExecutionListener.activateListener' -> false, 'org.springframework.test.context.event.ApplicationEventsTestExecutionListener.recordApplicationEvents' -> false]]].

  .   ____          _            __ _ _
 /\\ / ___'_ __ _ _(_)_ __  __ _ \ \ \ \
( ( )\___ | '_ | '_| | '_ \/ _` | \ \ \ \
 \\/  ___)| |_)| | | | | || (_| |  ) ) ) )
  '  |____| .__|_| |_|_| |_\__, | / / / /
 =========|_|==============|___/=/_/_/_/
 :: Spring Boot ::                (v2.6.4)

2022-03-29 14:06:16.910  INFO 81516 --- [    Test worker] d.blackjack.PlayerMoveController         : Starting PlayerMoveController using Java 11.0.9 on C02GC22QMD6R with PID 81516 (started by Z008HBS in /Users/Z008HBS/dev/blackjack)
2022-03-29 14:06:16.911  INFO 81516 --- [    Test worker] d.blackjack.PlayerMoveController         : No active profile set, falling back to 1 default profile: "default"
2022-03-29 14:06:17.751  INFO 81516 --- [    Test worker] o.s.b.w.embedded.tomcat.TomcatWebServer  : Tomcat initialized with port(s): 0 (http)
2022-03-29 14:06:17.761  INFO 81516 --- [    Test worker] o.apache.catalina.core.StandardService   : Starting service [Tomcat]
2022-03-29 14:06:17.761  INFO 81516 --- [    Test worker] org.apache.catalina.core.StandardEngine  : Starting Servlet engine: [Apache Tomcat/9.0.58]
2022-03-29 14:06:17.834  INFO 81516 --- [    Test worker] o.a.c.c.C.[Tomcat].[localhost].[/]       : Initializing Spring embedded WebApplicationContext
2022-03-29 14:06:17.834  INFO 81516 --- [    Test worker] w.s.c.ServletWebServerApplicationContext : Root WebApplicationContext: initialization completed in 905 ms
2022-03-29 14:06:18.460  INFO 81516 --- [    Test worker] o.s.b.w.embedded.tomcat.TomcatWebServer  : Tomcat started on port(s): 57017 (http) with context path ''
2022-03-29 14:06:18.461  INFO 81516 --- [    Test worker] o.s.m.s.b.SimpleBrokerMessageHandler     : Starting...
2022-03-29 14:06:18.461  INFO 81516 --- [    Test worker] o.s.m.s.b.SimpleBrokerMessageHandler     : BrokerAvailabilityEvent[available=true, SimpleBrokerMessageHandler [org.springframework.messaging.simp.broker.DefaultSubscriptionRegistry@646d810b]]
2022-03-29 14:06:18.462  INFO 81516 --- [    Test worker] o.s.m.s.b.SimpleBrokerMessageHandler     : Started.
2022-03-29 14:06:18.470  INFO 81516 --- [    Test worker] d.blackjack.PlayerMoveController         : Started PlayerMoveController in 1.812 seconds (JVM running for 2.847)
2022-03-29 14:06:18.897  INFO 81516 --- [o-auto-1-exec-1] o.a.c.c.C.[Tomcat].[localhost].[/]       : Initializing Spring DispatcherServlet 'dispatcherServlet'
2022-03-29 14:06:18.898  INFO 81516 --- [o-auto-1-exec-1] o.s.web.servlet.DispatcherServlet        : Initializing Servlet 'dispatcherServlet'
2022-03-29 14:06:18.899  INFO 81516 --- [o-auto-1-exec-1] o.s.web.servlet.DispatcherServlet        : Completed initialization in 1 ms
Received message: test123
]]></system-out>
  <system-err><![CDATA[]]></system-err>
</testsuite>
