<?xml version="1.0" encoding="UTF-8"?>
<testsuite name="davidgoldstein.blackjack.BlackjackApplicationTests" tests="1" skipped="0" failures="0" errors="0" timestamp="2022-03-29T18:42:05" hostname="C02GC22QMD6R" time="0.32">
  <properties/>
  <testcase name="contextLoads()" classname="davidgoldstein.blackjack.BlackjackApplicationTests" time="0.32"/>
  <system-out><![CDATA[13:42:04.259 [Test worker] DEBUG org.springframework.test.context.BootstrapUtils - Instantiating CacheAwareContextLoaderDelegate from class [org.springframework.test.context.cache.DefaultCacheAwareContextLoaderDelegate]
13:42:04.267 [Test worker] DEBUG org.springframework.test.context.BootstrapUtils - Instantiating BootstrapContext using constructor [public org.springframework.test.context.support.DefaultBootstrapContext(java.lang.Class,org.springframework.test.context.CacheAwareContextLoaderDelegate)]
13:42:04.291 [Test worker] DEBUG org.springframework.test.context.BootstrapUtils - Instantiating TestContextBootstrapper for test class [davidgoldstein.blackjack.BlackjackApplicationTests] from class [org.springframework.boot.test.context.SpringBootTestContextBootstrapper]
13:42:04.299 [Test worker] INFO org.springframework.boot.test.context.SpringBootTestContextBootstrapper - Neither @ContextConfiguration nor @ContextHierarchy found for test class [davidgoldstein.blackjack.BlackjackApplicationTests], using SpringBootContextLoader
13:42:04.302 [Test worker] DEBUG org.springframework.test.context.support.AbstractContextLoader - Did not detect default resource location for test class [davidgoldstein.blackjack.BlackjackApplicationTests]: class path resource [davidgoldstein/blackjack/BlackjackApplicationTests-context.xml] does not exist
13:42:04.303 [Test worker] DEBUG org.springframework.test.context.support.AbstractContextLoader - Did not detect default resource location for test class [davidgoldstein.blackjack.BlackjackApplicationTests]: class path resource [davidgoldstein/blackjack/BlackjackApplicationTestsContext.groovy] does not exist
13:42:04.303 [Test worker] INFO org.springframework.test.context.support.AbstractContextLoader - Could not detect default resource locations for test class [davidgoldstein.blackjack.BlackjackApplicationTests]: no resource found for suffixes {-context.xml, Context.groovy}.
13:42:04.304 [Test worker] INFO org.springframework.test.context.support.AnnotationConfigContextLoaderUtils - Could not detect default configuration classes for test class [davidgoldstein.blackjack.BlackjackApplicationTests]: BlackjackApplicationTests does not declare any static, non-private, non-final, nested classes annotated with @Configuration.
13:42:04.334 [Test worker] DEBUG org.springframework.test.context.support.ActiveProfilesUtils - Could not find an 'annotation declaring class' for annotation type [org.springframework.test.context.ActiveProfiles] and class [davidgoldstein.blackjack.BlackjackApplicationTests]
13:42:04.382 [Test worker] DEBUG org.springframework.context.annotation.ClassPathScanningCandidateComponentProvider - Identified candidate component class: file [/Users/Z008HBS/dev/blackjack/build/classes/java/main/davidgoldstein/blackjack/BlackjackApplication.class]
13:42:04.383 [Test worker] INFO org.springframework.boot.test.context.SpringBootTestContextBootstrapper - Found @SpringBootConfiguration davidgoldstein.blackjack.BlackjackApplication for test class davidgoldstein.blackjack.BlackjackApplicationTests
13:42:04.460 [Test worker] DEBUG org.springframework.boot.test.context.SpringBootTestContextBootstrapper - @TestExecutionListeners is not present for class [davidgoldstein.blackjack.BlackjackApplicationTests]: using defaults.
13:42:04.460 [Test worker] INFO org.springframework.boot.test.context.SpringBootTestContextBootstrapper - Loaded default TestExecutionListener class names from location [META-INF/spring.factories]: [org.springframework.boot.test.autoconfigure.restdocs.RestDocsTestExecutionListener, org.springframework.boot.test.autoconfigure.web.client.MockRestServiceServerResetTestExecutionListener, org.springframework.boot.test.autoconfigure.web.servlet.MockMvcPrintOnlyOnFailureTestExecutionListener, org.springframework.boot.test.autoconfigure.web.servlet.WebDriverTestExecutionListener, org.springframework.boot.test.autoconfigure.webservices.client.MockWebServiceServerTestExecutionListener, org.springframework.boot.test.mock.mockito.MockitoTestExecutionListener, org.springframework.boot.test.mock.mockito.ResetMocksTestExecutionListener, org.springframework.test.context.web.ServletTestExecutionListener, org.springframework.test.context.support.DirtiesContextBeforeModesTestExecutionListener, org.springframework.test.context.event.ApplicationEventsTestExecutionListener, org.springframework.test.context.support.DependencyInjectionTestExecutionListener, org.springframework.test.context.support.DirtiesContextTestExecutionListener, org.springframework.test.context.transaction.TransactionalTestExecutionListener, org.springframework.test.context.jdbc.SqlScriptsTestExecutionListener, org.springframework.test.context.event.EventPublishingTestExecutionListener]
13:42:04.469 [Test worker] DEBUG org.springframework.boot.test.context.SpringBootTestContextBootstrapper - Skipping candidate TestExecutionListener [org.springframework.test.context.transaction.TransactionalTestExecutionListener] due to a missing dependency. Specify custom listener classes or make the default listener classes and their required dependencies available. Offending class: [org/springframework/transaction/interceptor/TransactionAttributeSource]
13:42:04.470 [Test worker] DEBUG org.springframework.boot.test.context.SpringBootTestContextBootstrapper - Skipping candidate TestExecutionListener [org.springframework.test.context.jdbc.SqlScriptsTestExecutionListener] due to a missing dependency. Specify custom listener classes or make the default listener classes and their required dependencies available. Offending class: [org/springframework/transaction/interceptor/TransactionAttribute]
13:42:04.470 [Test worker] INFO org.springframework.boot.test.context.SpringBootTestContextBootstrapper - Using TestExecutionListeners: [org.springframework.test.context.web.ServletTestExecutionListener@5ebd56e9, org.springframework.test.context.support.DirtiesContextBeforeModesTestExecutionListener@63f34b70, org.springframework.test.context.event.ApplicationEventsTestExecutionListener@641856, org.springframework.boot.test.mock.mockito.MockitoTestExecutionListener@1b58ff9e, org.springframework.boot.test.autoconfigure.SpringBootDependencyInjectionTestExecutionListener@2f66e802, org.springframework.test.context.support.DirtiesContextTestExecutionListener@56b78e55, org.springframework.test.context.event.EventPublishingTestExecutionListener@76318a7d, org.springframework.boot.test.autoconfigure.restdocs.RestDocsTestExecutionListener@2a492f2a, org.springframework.boot.test.autoconfigure.web.client.MockRestServiceServerResetTestExecutionListener@3277e499, org.springframework.boot.test.autoconfigure.web.servlet.MockMvcPrintOnlyOnFailureTestExecutionListener@585811a4, org.springframework.boot.test.autoconfigure.web.servlet.WebDriverTestExecutionListener@22c01ab0, org.springframework.boot.test.autoconfigure.webservices.client.MockWebServiceServerTestExecutionListener@411341bd, org.springframework.boot.test.mock.mockito.ResetMocksTestExecutionListener@4c4d362a]
13:42:04.473 [Test worker] DEBUG org.springframework.test.context.support.AbstractDirtiesContextTestExecutionListener - Before test class: context [DefaultTestContext@37fbe4a8 testClass = BlackjackApplicationTests, testInstance = [null], testMethod = [null], testException = [null], mergedContextConfiguration = [WebMergedContextConfiguration@352c308 testClass = BlackjackApplicationTests, locations = '{}', classes = '{class davidgoldstein.blackjack.BlackjackApplication}', contextInitializerClasses = '[]', activeProfiles = '{}', propertySourceLocations = '{}', propertySourceProperties = '{org.springframework.boot.test.context.SpringBootTestContextBootstrapper=true}', contextCustomizers = set[org.springframework.boot.test.autoconfigure.actuate.metrics.MetricsExportContextCustomizerFactory$DisableMetricExportContextCustomizer@640f11a1, org.springframework.boot.test.autoconfigure.properties.PropertyMappingContextCustomizer@0, org.springframework.boot.test.autoconfigure.web.servlet.WebDriverContextCustomizerFactory$Customizer@6c25e6c4, org.springframework.boot.test.context.filter.ExcludeFilterContextCustomizer@70efb718, org.springframework.boot.test.json.DuplicateJsonObjectContextCustomizerFactory$DuplicateJsonObjectContextCustomizer@4e858e0a, org.springframework.boot.test.mock.mockito.MockitoContextCustomizer@0, org.springframework.boot.test.web.client.TestRestTemplateContextCustomizer@4bd1f8dd, org.springframework.boot.test.context.SpringBootTestArgs@1, org.springframework.boot.test.context.SpringBootTestWebEnvironment@5276d6ee], resourceBasePath = 'src/main/webapp', contextLoader = 'org.springframework.boot.test.context.SpringBootContextLoader', parent = [null]], attributes = map['org.springframework.test.context.web.ServletTestExecutionListener.activateListener' -> true]], class annotated with @DirtiesContext [false] with mode [null].

  .   ____          _            __ _ _
 /\\ / ___'_ __ _ _(_)_ __  __ _ \ \ \ \
( ( )\___ | '_ | '_| | '_ \/ _` | \ \ \ \
 \\/  ___)| |_)| | | | | || (_| |  ) ) ) )
  '  |____| .__|_| |_|_| |_\__, | / / / /
 =========|_|==============|___/=/_/_/_/
 :: Spring Boot ::                (v2.6.4)

2022-03-29 13:42:04.722  INFO 74106 --- [    Test worker] d.blackjack.BlackjackApplicationTests    : Starting BlackjackApplicationTests using Java 11.0.9 on C02GC22QMD6R with PID 74106 (started by Z008HBS in /Users/Z008HBS/dev/blackjack)
2022-03-29 13:42:04.723  INFO 74106 --- [    Test worker] d.blackjack.BlackjackApplicationTests    : No active profile set, falling back to 1 default profile: "default"
2022-03-29 13:42:05.893  INFO 74106 --- [    Test worker] o.s.m.s.b.SimpleBrokerMessageHandler     : Starting...
2022-03-29 13:42:05.893  INFO 74106 --- [    Test worker] o.s.m.s.b.SimpleBrokerMessageHandler     : BrokerAvailabilityEvent[available=true, SimpleBrokerMessageHandler [org.springframework.messaging.simp.broker.DefaultSubscriptionRegistry@1e1237ab]]
2022-03-29 13:42:05.894  INFO 74106 --- [    Test worker] o.s.m.s.b.SimpleBrokerMessageHandler     : Started.
2022-03-29 13:42:05.902  INFO 74106 --- [    Test worker] d.blackjack.BlackjackApplicationTests    : Started BlackjackApplicationTests in 1.391 seconds (JVM running for 2.316)
]]></system-out>
  <system-err><![CDATA[]]></system-err>
</testsuite>
