<?xml version="1.0" encoding="UTF-8"?>
<testsuite name="davidgoldstein.blackjack.BlackjackApplicationTests" tests="1" skipped="0" failures="0" errors="0" timestamp="2022-03-17T19:17:16" hostname="C02GC22QMD6R" time="0.347">
  <properties/>
  <testcase name="contextLoads()" classname="davidgoldstein.blackjack.BlackjackApplicationTests" time="0.347"/>
  <system-out><![CDATA[14:17:14.975 [Test worker] DEBUG org.springframework.test.context.BootstrapUtils - Instantiating CacheAwareContextLoaderDelegate from class [org.springframework.test.context.cache.DefaultCacheAwareContextLoaderDelegate]
14:17:14.984 [Test worker] DEBUG org.springframework.test.context.BootstrapUtils - Instantiating BootstrapContext using constructor [public org.springframework.test.context.support.DefaultBootstrapContext(java.lang.Class,org.springframework.test.context.CacheAwareContextLoaderDelegate)]
14:17:15.010 [Test worker] DEBUG org.springframework.test.context.BootstrapUtils - Instantiating TestContextBootstrapper for test class [davidgoldstein.blackjack.BlackjackApplicationTests] from class [org.springframework.boot.test.context.SpringBootTestContextBootstrapper]
14:17:15.019 [Test worker] INFO org.springframework.boot.test.context.SpringBootTestContextBootstrapper - Neither @ContextConfiguration nor @ContextHierarchy found for test class [davidgoldstein.blackjack.BlackjackApplicationTests], using SpringBootContextLoader
14:17:15.022 [Test worker] DEBUG org.springframework.test.context.support.AbstractContextLoader - Did not detect default resource location for test class [davidgoldstein.blackjack.BlackjackApplicationTests]: class path resource [davidgoldstein/blackjack/BlackjackApplicationTests-context.xml] does not exist
14:17:15.023 [Test worker] DEBUG org.springframework.test.context.support.AbstractContextLoader - Did not detect default resource location for test class [davidgoldstein.blackjack.BlackjackApplicationTests]: class path resource [davidgoldstein/blackjack/BlackjackApplicationTestsContext.groovy] does not exist
14:17:15.023 [Test worker] INFO org.springframework.test.context.support.AbstractContextLoader - Could not detect default resource locations for test class [davidgoldstein.blackjack.BlackjackApplicationTests]: no resource found for suffixes {-context.xml, Context.groovy}.
14:17:15.023 [Test worker] INFO org.springframework.test.context.support.AnnotationConfigContextLoaderUtils - Could not detect default configuration classes for test class [davidgoldstein.blackjack.BlackjackApplicationTests]: BlackjackApplicationTests does not declare any static, non-private, non-final, nested classes annotated with @Configuration.
14:17:15.062 [Test worker] DEBUG org.springframework.test.context.support.ActiveProfilesUtils - Could not find an 'annotation declaring class' for annotation type [org.springframework.test.context.ActiveProfiles] and class [davidgoldstein.blackjack.BlackjackApplicationTests]
14:17:15.107 [Test worker] DEBUG org.springframework.context.annotation.ClassPathScanningCandidateComponentProvider - Identified candidate component class: file [/Users/Z008HBS/dev/blackjack/build/classes/java/main/davidgoldstein/blackjack/BlackjackApplication.class]
14:17:15.108 [Test worker] INFO org.springframework.boot.test.context.SpringBootTestContextBootstrapper - Found @SpringBootConfiguration davidgoldstein.blackjack.BlackjackApplication for test class davidgoldstein.blackjack.BlackjackApplicationTests
14:17:15.192 [Test worker] DEBUG org.springframework.boot.test.context.SpringBootTestContextBootstrapper - @TestExecutionListeners is not present for class [davidgoldstein.blackjack.BlackjackApplicationTests]: using defaults.
14:17:15.192 [Test worker] INFO org.springframework.boot.test.context.SpringBootTestContextBootstrapper - Loaded default TestExecutionListener class names from location [META-INF/spring.factories]: [org.springframework.boot.test.autoconfigure.restdocs.RestDocsTestExecutionListener, org.springframework.boot.test.autoconfigure.web.client.MockRestServiceServerResetTestExecutionListener, org.springframework.boot.test.autoconfigure.web.servlet.MockMvcPrintOnlyOnFailureTestExecutionListener, org.springframework.boot.test.autoconfigure.web.servlet.WebDriverTestExecutionListener, org.springframework.boot.test.autoconfigure.webservices.client.MockWebServiceServerTestExecutionListener, org.springframework.boot.test.mock.mockito.MockitoTestExecutionListener, org.springframework.boot.test.mock.mockito.ResetMocksTestExecutionListener, org.springframework.test.context.web.ServletTestExecutionListener, org.springframework.test.context.support.DirtiesContextBeforeModesTestExecutionListener, org.springframework.test.context.event.ApplicationEventsTestExecutionListener, org.springframework.test.context.support.DependencyInjectionTestExecutionListener, org.springframework.test.context.support.DirtiesContextTestExecutionListener, org.springframework.test.context.transaction.TransactionalTestExecutionListener, org.springframework.test.context.jdbc.SqlScriptsTestExecutionListener, org.springframework.test.context.event.EventPublishingTestExecutionListener]
14:17:15.205 [Test worker] DEBUG org.springframework.boot.test.context.SpringBootTestContextBootstrapper - Skipping candidate TestExecutionListener [org.springframework.test.context.transaction.TransactionalTestExecutionListener] due to a missing dependency. Specify custom listener classes or make the default listener classes and their required dependencies available. Offending class: [org/springframework/transaction/interceptor/TransactionAttributeSource]
14:17:15.205 [Test worker] DEBUG org.springframework.boot.test.context.SpringBootTestContextBootstrapper - Skipping candidate TestExecutionListener [org.springframework.test.context.jdbc.SqlScriptsTestExecutionListener] due to a missing dependency. Specify custom listener classes or make the default listener classes and their required dependencies available. Offending class: [org/springframework/transaction/interceptor/TransactionAttribute]
14:17:15.205 [Test worker] INFO org.springframework.boot.test.context.SpringBootTestContextBootstrapper - Using TestExecutionListeners: [org.springframework.test.context.web.ServletTestExecutionListener@56b78e55, org.springframework.test.context.support.DirtiesContextBeforeModesTestExecutionListener@76318a7d, org.springframework.test.context.event.ApplicationEventsTestExecutionListener@2a492f2a, org.springframework.boot.test.mock.mockito.MockitoTestExecutionListener@3277e499, org.springframework.boot.test.autoconfigure.SpringBootDependencyInjectionTestExecutionListener@585811a4, org.springframework.test.context.support.DirtiesContextTestExecutionListener@22c01ab0, org.springframework.test.context.event.EventPublishingTestExecutionListener@411341bd, org.springframework.boot.test.autoconfigure.restdocs.RestDocsTestExecutionListener@4c4d362a, org.springframework.boot.test.autoconfigure.web.client.MockRestServiceServerResetTestExecutionListener@5400db36, org.springframework.boot.test.autoconfigure.web.servlet.MockMvcPrintOnlyOnFailureTestExecutionListener@76b74e9c, org.springframework.boot.test.autoconfigure.web.servlet.WebDriverTestExecutionListener@2d72f75e, org.springframework.boot.test.autoconfigure.webservices.client.MockWebServiceServerTestExecutionListener@8ab78bc, org.springframework.boot.test.mock.mockito.ResetMocksTestExecutionListener@5aa0dbf4]
14:17:15.208 [Test worker] DEBUG org.springframework.test.context.support.AbstractDirtiesContextTestExecutionListener - Before test class: context [DefaultTestContext@10027fc9 testClass = BlackjackApplicationTests, testInstance = [null], testMethod = [null], testException = [null], mergedContextConfiguration = [WebMergedContextConfiguration@54afd745 testClass = BlackjackApplicationTests, locations = '{}', classes = '{class davidgoldstein.blackjack.BlackjackApplication}', contextInitializerClasses = '[]', activeProfiles = '{}', propertySourceLocations = '{}', propertySourceProperties = '{org.springframework.boot.test.context.SpringBootTestContextBootstrapper=true}', contextCustomizers = set[org.springframework.boot.test.autoconfigure.actuate.metrics.MetricsExportContextCustomizerFactory$DisableMetricExportContextCustomizer@3f6db3fb, org.springframework.boot.test.autoconfigure.properties.PropertyMappingContextCustomizer@0, org.springframework.boot.test.autoconfigure.web.servlet.WebDriverContextCustomizerFactory$Customizer@70efb718, org.springframework.boot.test.context.filter.ExcludeFilterContextCustomizer@4e70a728, org.springframework.boot.test.json.DuplicateJsonObjectContextCustomizerFactory$DuplicateJsonObjectContextCustomizer@5733f295, org.springframework.boot.test.mock.mockito.MockitoContextCustomizer@0, org.springframework.boot.test.web.client.TestRestTemplateContextCustomizer@3d3ba765, org.springframework.boot.test.context.SpringBootTestArgs@1, org.springframework.boot.test.context.SpringBootTestWebEnvironment@5dafbe45], resourceBasePath = 'src/main/webapp', contextLoader = 'org.springframework.boot.test.context.SpringBootContextLoader', parent = [null]], attributes = map['org.springframework.test.context.web.ServletTestExecutionListener.activateListener' -> true]], class annotated with @DirtiesContext [false] with mode [null].

  .   ____          _            __ _ _
 /\\ / ___'_ __ _ _(_)_ __  __ _ \ \ \ \
( ( )\___ | '_ | '_| | '_ \/ _` | \ \ \ \
 \\/  ___)| |_)| | | | | || (_| |  ) ) ) )
  '  |____| .__|_| |_|_| |_\__, | / / / /
 =========|_|==============|___/=/_/_/_/
 :: Spring Boot ::                (v2.6.4)

2022-03-17 14:17:15.484  INFO 16858 --- [    Test worker] d.blackjack.BlackjackApplicationTests    : Starting BlackjackApplicationTests using Java 11.0.9 on C02GC22QMD6R with PID 16858 (started by Z008HBS in /Users/Z008HBS/dev/blackjack)
2022-03-17 14:17:15.485  INFO 16858 --- [    Test worker] d.blackjack.BlackjackApplicationTests    : No active profile set, falling back to 1 default profile: "default"
2022-03-17 14:17:16.658  INFO 16858 --- [    Test worker] o.s.m.s.b.SimpleBrokerMessageHandler     : Starting...
2022-03-17 14:17:16.659  INFO 16858 --- [    Test worker] o.s.m.s.b.SimpleBrokerMessageHandler     : BrokerAvailabilityEvent[available=true, SimpleBrokerMessageHandler [org.springframework.messaging.simp.broker.DefaultSubscriptionRegistry@3c19592c]]
2022-03-17 14:17:16.659  INFO 16858 --- [    Test worker] o.s.m.s.b.SimpleBrokerMessageHandler     : Started.
2022-03-17 14:17:16.667  INFO 16858 --- [    Test worker] d.blackjack.BlackjackApplicationTests    : Started BlackjackApplicationTests in 1.42 seconds (JVM running for 2.38)
]]></system-out>
  <system-err><![CDATA[]]></system-err>
</testsuite>
