<?xml version="1.0" encoding="UTF-8"?>
<testsuite name="davidgoldstein.blackjack.BlackjackApplicationTests" tests="1" skipped="0" failures="0" errors="0" timestamp="2022-03-30T01:16:01" hostname="C02GC22QMD6R" time="0.003">
  <properties/>
  <testcase name="contextLoads()" classname="davidgoldstein.blackjack.BlackjackApplicationTests" time="0.003"/>
  <system-out><![CDATA[2022-03-29 20:16:00.740  INFO 12160 --- [    Test worker] .b.t.c.SpringBootTestContextBootstrapper : Neither @ContextConfiguration nor @ContextHierarchy found for test class [davidgoldstein.blackjack.BlackjackApplicationTests], using SpringBootContextLoader
2022-03-29 20:16:00.741  INFO 12160 --- [    Test worker] o.s.t.c.support.AbstractContextLoader    : Could not detect default resource locations for test class [davidgoldstein.blackjack.BlackjackApplicationTests]: no resource found for suffixes {-context.xml, Context.groovy}.
2022-03-29 20:16:00.741  INFO 12160 --- [    Test worker] t.c.s.AnnotationConfigContextLoaderUtils : Could not detect default configuration classes for test class [davidgoldstein.blackjack.BlackjackApplicationTests]: BlackjackApplicationTests does not declare any static, non-private, non-final, nested classes annotated with @Configuration.
2022-03-29 20:16:00.742  INFO 12160 --- [    Test worker] .b.t.c.SpringBootTestContextBootstrapper : Found @SpringBootConfiguration davidgoldstein.blackjack.BlackjackApplication for test class davidgoldstein.blackjack.BlackjackApplicationTests
2022-03-29 20:16:00.744  INFO 12160 --- [    Test worker] .b.t.c.SpringBootTestContextBootstrapper : Loaded default TestExecutionListener class names from location [META-INF/spring.factories]: [org.springframework.boot.test.autoconfigure.restdocs.RestDocsTestExecutionListener, org.springframework.boot.test.autoconfigure.web.client.MockRestServiceServerResetTestExecutionListener, org.springframework.boot.test.autoconfigure.web.servlet.MockMvcPrintOnlyOnFailureTestExecutionListener, org.springframework.boot.test.autoconfigure.web.servlet.WebDriverTestExecutionListener, org.springframework.boot.test.autoconfigure.webservices.client.MockWebServiceServerTestExecutionListener, org.springframework.boot.test.mock.mockito.MockitoTestExecutionListener, org.springframework.boot.test.mock.mockito.ResetMocksTestExecutionListener, org.springframework.test.context.web.ServletTestExecutionListener, org.springframework.test.context.support.DirtiesContextBeforeModesTestExecutionListener, org.springframework.test.context.event.ApplicationEventsTestExecutionListener, org.springframework.test.context.support.DependencyInjectionTestExecutionListener, org.springframework.test.context.support.DirtiesContextTestExecutionListener, org.springframework.test.context.transaction.TransactionalTestExecutionListener, org.springframework.test.context.jdbc.SqlScriptsTestExecutionListener, org.springframework.test.context.event.EventPublishingTestExecutionListener]
2022-03-29 20:16:00.745  INFO 12160 --- [    Test worker] .b.t.c.SpringBootTestContextBootstrapper : Using TestExecutionListeners: [org.springframework.test.context.web.ServletTestExecutionListener@2fb48970, org.springframework.test.context.support.DirtiesContextBeforeModesTestExecutionListener@4e8d9bb6, org.springframework.test.context.event.ApplicationEventsTestExecutionListener@3de56885, org.springframework.boot.test.mock.mockito.MockitoTestExecutionListener@2673487b, org.springframework.boot.test.autoconfigure.SpringBootDependencyInjectionTestExecutionListener@2d07aacc, org.springframework.test.context.support.DirtiesContextTestExecutionListener@ff5d4f1, org.springframework.test.context.event.EventPublishingTestExecutionListener@194224ca, org.springframework.boot.test.autoconfigure.restdocs.RestDocsTestExecutionListener@254e9709, org.springframework.boot.test.autoconfigure.web.client.MockRestServiceServerResetTestExecutionListener@350f18a6, org.springframework.boot.test.autoconfigure.web.servlet.MockMvcPrintOnlyOnFailureTestExecutionListener@147c00aa, org.springframework.boot.test.autoconfigure.web.servlet.WebDriverTestExecutionListener@1c90029b, org.springframework.boot.test.autoconfigure.webservices.client.MockWebServiceServerTestExecutionListener@4db728df, org.springframework.boot.test.mock.mockito.ResetMocksTestExecutionListener@b0d3e7]

  .   ____          _            __ _ _
 /\\ / ___'_ __ _ _(_)_ __  __ _ \ \ \ \
( ( )\___ | '_ | '_| | '_ \/ _` | \ \ \ \
 \\/  ___)| |_)| | | | | || (_| |  ) ) ) )
  '  |____| .__|_| |_|_| |_\__, | / / / /
 =========|_|==============|___/=/_/_/_/
 :: Spring Boot ::                (v2.6.4)

2022-03-29 20:16:00.772  INFO 12160 --- [    Test worker] d.blackjack.BlackjackApplicationTests    : Starting BlackjackApplicationTests using Java 11.0.9 on C02GC22QMD6R with PID 12160 (started by Z008HBS in /Users/Z008HBS/dev/blackjack)
2022-03-29 20:16:00.772  INFO 12160 --- [    Test worker] d.blackjack.BlackjackApplicationTests    : No active profile set, falling back to 1 default profile: "default"
2022-03-29 20:16:01.066  INFO 12160 --- [    Test worker] o.s.b.a.w.s.WelcomePageHandlerMapping    : Adding welcome page: class path resource [static/index.html]
2022-03-29 20:16:01.164  INFO 12160 --- [    Test worker] o.s.m.s.b.SimpleBrokerMessageHandler     : Starting...
2022-03-29 20:16:01.164  INFO 12160 --- [    Test worker] o.s.m.s.b.SimpleBrokerMessageHandler     : BrokerAvailabilityEvent[available=true, SimpleBrokerMessageHandler [org.springframework.messaging.simp.broker.DefaultSubscriptionRegistry@29f95272]]
2022-03-29 20:16:01.164  INFO 12160 --- [    Test worker] o.s.m.s.b.SimpleBrokerMessageHandler     : Started.
2022-03-29 20:16:01.167  INFO 12160 --- [    Test worker] d.blackjack.BlackjackApplicationTests    : Started BlackjackApplicationTests in 0.414 seconds (JVM running for 4.365)
]]></system-out>
  <system-err><![CDATA[]]></system-err>
</testsuite>
