<?xml version="1.0" encoding="UTF-8"?>
<testsuite name="davidgoldstein.blackjack.BlackjackApplicationTests" tests="1" skipped="0" failures="0" errors="0" timestamp="2022-03-29T20:37:16" hostname="C02GC22QMD6R" time="0.003">
  <properties/>
  <testcase name="contextLoads()" classname="davidgoldstein.blackjack.BlackjackApplicationTests" time="0.003"/>
  <system-out><![CDATA[2022-03-29 15:37:16.334  INFO 12392 --- [    Test worker] .b.t.c.SpringBootTestContextBootstrapper : Neither @ContextConfiguration nor @ContextHierarchy found for test class [davidgoldstein.blackjack.BlackjackApplicationTests], using SpringBootContextLoader
2022-03-29 15:37:16.334  INFO 12392 --- [    Test worker] o.s.t.c.support.AbstractContextLoader    : Could not detect default resource locations for test class [davidgoldstein.blackjack.BlackjackApplicationTests]: no resource found for suffixes {-context.xml, Context.groovy}.
2022-03-29 15:37:16.334  INFO 12392 --- [    Test worker] t.c.s.AnnotationConfigContextLoaderUtils : Could not detect default configuration classes for test class [davidgoldstein.blackjack.BlackjackApplicationTests]: BlackjackApplicationTests does not declare any static, non-private, non-final, nested classes annotated with @Configuration.
2022-03-29 15:37:16.335  INFO 12392 --- [    Test worker] .b.t.c.SpringBootTestContextBootstrapper : Found @SpringBootConfiguration davidgoldstein.blackjack.BlackjackApplication for test class davidgoldstein.blackjack.BlackjackApplicationTests
2022-03-29 15:37:16.337  INFO 12392 --- [    Test worker] .b.t.c.SpringBootTestContextBootstrapper : Loaded default TestExecutionListener class names from location [META-INF/spring.factories]: [org.springframework.boot.test.autoconfigure.restdocs.RestDocsTestExecutionListener, org.springframework.boot.test.autoconfigure.web.client.MockRestServiceServerResetTestExecutionListener, org.springframework.boot.test.autoconfigure.web.servlet.MockMvcPrintOnlyOnFailureTestExecutionListener, org.springframework.boot.test.autoconfigure.web.servlet.WebDriverTestExecutionListener, org.springframework.boot.test.autoconfigure.webservices.client.MockWebServiceServerTestExecutionListener, org.springframework.boot.test.mock.mockito.MockitoTestExecutionListener, org.springframework.boot.test.mock.mockito.ResetMocksTestExecutionListener, org.springframework.test.context.web.ServletTestExecutionListener, org.springframework.test.context.support.DirtiesContextBeforeModesTestExecutionListener, org.springframework.test.context.event.ApplicationEventsTestExecutionListener, org.springframework.test.context.support.DependencyInjectionTestExecutionListener, org.springframework.test.context.support.DirtiesContextTestExecutionListener, org.springframework.test.context.transaction.TransactionalTestExecutionListener, org.springframework.test.context.jdbc.SqlScriptsTestExecutionListener, org.springframework.test.context.event.EventPublishingTestExecutionListener]
2022-03-29 15:37:16.338  INFO 12392 --- [    Test worker] .b.t.c.SpringBootTestContextBootstrapper : Using TestExecutionListeners: [org.springframework.test.context.web.ServletTestExecutionListener@61e14b53, org.springframework.test.context.support.DirtiesContextBeforeModesTestExecutionListener@31b6b0c7, org.springframework.test.context.event.ApplicationEventsTestExecutionListener@6253e59a, org.springframework.boot.test.mock.mockito.MockitoTestExecutionListener@7d1cb59f, org.springframework.boot.test.autoconfigure.SpringBootDependencyInjectionTestExecutionListener@16ccd2bc, org.springframework.test.context.support.DirtiesContextTestExecutionListener@12f8682a, org.springframework.test.context.event.EventPublishingTestExecutionListener@6f7a20da, org.springframework.boot.test.autoconfigure.restdocs.RestDocsTestExecutionListener@7752c0e7, org.springframework.boot.test.autoconfigure.web.client.MockRestServiceServerResetTestExecutionListener@77ba583, org.springframework.boot.test.autoconfigure.web.servlet.MockMvcPrintOnlyOnFailureTestExecutionListener@5613247e, org.springframework.boot.test.autoconfigure.web.servlet.WebDriverTestExecutionListener@6851b296, org.springframework.boot.test.autoconfigure.webservices.client.MockWebServiceServerTestExecutionListener@9e50283, org.springframework.boot.test.mock.mockito.ResetMocksTestExecutionListener@5368e981]

  .   ____          _            __ _ _
 /\\ / ___'_ __ _ _(_)_ __  __ _ \ \ \ \
( ( )\___ | '_ | '_| | '_ \/ _` | \ \ \ \
 \\/  ___)| |_)| | | | | || (_| |  ) ) ) )
  '  |____| .__|_| |_|_| |_\__, | / / / /
 =========|_|==============|___/=/_/_/_/
 :: Spring Boot ::                (v2.6.4)

2022-03-29 15:37:16.364  INFO 12392 --- [    Test worker] d.blackjack.BlackjackApplicationTests    : Starting BlackjackApplicationTests using Java 11.0.9 on C02GC22QMD6R with PID 12392 (started by Z008HBS in /Users/Z008HBS/dev/blackjack)
2022-03-29 15:37:16.365  INFO 12392 --- [    Test worker] d.blackjack.BlackjackApplicationTests    : No active profile set, falling back to 1 default profile: "default"
2022-03-29 15:37:16.948  INFO 12392 --- [    Test worker] o.s.m.s.b.SimpleBrokerMessageHandler     : Starting...
2022-03-29 15:37:16.948  INFO 12392 --- [    Test worker] o.s.m.s.b.SimpleBrokerMessageHandler     : BrokerAvailabilityEvent[available=true, SimpleBrokerMessageHandler [org.springframework.messaging.simp.broker.DefaultSubscriptionRegistry@47162173]]
2022-03-29 15:37:16.948  INFO 12392 --- [    Test worker] o.s.m.s.b.SimpleBrokerMessageHandler     : Started.
2022-03-29 15:37:16.951  INFO 12392 --- [    Test worker] d.blackjack.BlackjackApplicationTests    : Started BlackjackApplicationTests in 0.607 seconds (JVM running for 4.765)
]]></system-out>
  <system-err><![CDATA[]]></system-err>
</testsuite>
